<?xml version="1.0" encoding="UTF-8"?>
<!-- Generated by org.testng.reporters.JUnitReportReporter -->
<testsuite skipped="1" hostname="Latitude" name="core.PrimeNumberCheckerTest" tests="1" failures="0" timestamp="01 Sep 2017 06:14:11 GMT" time="0.000" errors="0">
  <testcase name="test" time="0.000" classname="core.PrimeNumberCheckerTest">
    <skipped/>
  </testcase> <!-- test -->
</testsuite> <!-- core.PrimeNumberCheckerTest -->
